<?xml version="1.0" encoding="UTF-8"?>
<testng-results skipped="0" failed="0" ignored="0" total="1" passed="1">
  <reporter-output>
  </reporter-output>
  <suite name="Default suite" duration-ms="11009" started-at="2019-03-26T06:16:41Z" finished-at="2019-03-26T06:16:52Z">
    <groups>
    </groups>
    <test name="Default test" duration-ms="11009" started-at="2019-03-26T06:16:41Z" finished-at="2019-03-26T06:16:52Z">
      <class name="Loginapp.Loginapplication.Test1">
        <test-method status="PASS" signature="LoginApp()[pri:0, instance:Loginapp.Loginapplication.Test1@20e2cbe0]" name="LoginApp" duration-ms="10947" started-at="2019-03-26T11:46:41Z" finished-at="2019-03-26T11:46:52Z">
          <reporter-output>
          </reporter-output>
        </test-method> <!-- LoginApp -->
      </class> <!-- Loginapp.Loginapplication.Test1 -->
    </test> <!-- Default test -->
  </suite> <!-- Default suite -->
</testng-results>
